<?xml version="1.0" encoding="UTF-8"?>
<!-- Generated by org.testng.reporters.JUnitReportReporter -->
<testsuite hostname="DESKTOP-G9MM921" failures="0" tests="1" name="testScenarios.CMTest" time="65.664" errors="0" timestamp="2024-12-09T21:39:27 VET" skipped="0">
  <testcase classname="testScenarios.CMTest" name="verificarCampaignLabelSeMuestraEnCMPage" time="65.664"/>
</testsuite> <!-- testScenarios.CMTest -->
