<?xml version="1.0" encoding="UTF-8"?>
<!-- Generated by org.testng.reporters.JUnitReportReporter -->
<testsuite hostname="DESKTOP-G9MM921" failures="0" tests="1" name="testScenarios.HomeTest" time="60.326" errors="0" timestamp="2024-12-09T13:43:34 VET" skipped="0">
  <testcase classname="testScenarios.HomeTest" name="loginIntoCampaignPage" time="60.326"/>
</testsuite> <!-- testScenarios.HomeTest -->
